Sun Oct 23 20:32:55 BRST 2016	home	
Sun Oct 23 20:33:03 BRST 2016	home	
Sun Oct 23 20:33:03 BRST 2016	vaccine	
Sun Oct 23 20:33:09 BRST 2016	home	
Sun Oct 23 20:33:09 BRST 2016	vaccine	
Sun Oct 23 20:33:09 BRST 2016	vaccine aids	
Sun Oct 23 20:35:52 BRST 2016	university	476133	13433	
Sun Oct 23 20:36:20 BRST 2016	university	476133	13433	
Sun Oct 23 20:36:20 BRST 2016	university math	197134	276328	10560	5402	
Sat Nov 05 00:01:30 BRST 2016	home	
Sat Nov 05 00:01:35 BRST 2016	home	
Sat Nov 05 00:01:35 BRST 2016	home casa	
Sat Nov 05 00:01:41 BRST 2016	home	
Sat Nov 05 00:01:41 BRST 2016	home casa	
Sat Nov 05 00:01:41 BRST 2016	home	
Sat Nov 05 00:01:41 BRST 2016	home	
Sat Nov 05 00:01:41 BRST 2016	home casa	
Sat Nov 05 00:01:41 BRST 2016	home	
Sat Nov 05 00:01:41 BRST 2016	home casa	
Sat Nov 05 00:01:41 BRST 2016	home	
Sat Nov 05 00:01:41 BRST 2016	home casa	
Sat Nov 05 00:01:41 BRST 2016	home	
Sat Nov 05 00:01:41 BRST 2016	home casa	
Sat Nov 05 00:01:41 BRST 2016	home casa	
Sat Nov 05 00:01:41 BRST 2016	home	
Sat Nov 05 00:01:41 BRST 2016	home casa	
Sat Nov 05 00:01:41 BRST 2016	home	
Sat Nov 05 00:01:41 BRST 2016	home casa	
Sat Nov 05 00:01:41 BRST 2016	home casa	
Sat Nov 05 00:01:41 BRST 2016	home casa	
Sat Nov 05 00:01:42 BRST 2016	home	
Sat Nov 05 00:01:42 BRST 2016	home casa	
Sat Nov 05 00:01:42 BRST 2016	home	
Sat Nov 05 00:01:42 BRST 2016	home casa	
Sat Nov 05 00:01:42 BRST 2016	home casa	
Sat Nov 05 00:01:42 BRST 2016	home casa	
Sat Nov 05 00:01:42 BRST 2016	home casa	
Sat Nov 05 00:01:42 BRST 2016	home	
Sat Nov 05 00:01:42 BRST 2016	home casa	
Sat Nov 05 00:01:42 BRST 2016	home	
Sat Nov 05 00:01:42 BRST 2016	home casa	
Sat Nov 05 00:01:42 BRST 2016	home casa	
Sat Nov 05 00:01:42 BRST 2016	home casa	
Sat Nov 05 00:01:42 BRST 2016	home casa	
Sat Nov 05 00:01:42 BRST 2016	home casa	
Sat Nov 05 00:01:42 BRST 2016	home	
Sat Nov 05 00:01:42 BRST 2016	home casa	
Sat Nov 05 00:01:42 BRST 2016	home	
Sat Nov 05 00:01:42 BRST 2016	home casa	
Sat Nov 05 00:01:42 BRST 2016	home casa	
Sat Nov 05 00:01:42 BRST 2016	home casa	
Sat Nov 05 00:01:42 BRST 2016	home casa	
Sat Nov 05 00:01:42 BRST 2016	home casa	
Sat Nov 05 00:01:42 BRST 2016	home casa	
Sat Nov 05 00:01:45 BRST 2016	home	
Sat Nov 05 00:01:45 BRST 2016	home casa	
Sat Nov 05 00:01:45 BRST 2016	home	
Sat Nov 05 00:01:45 BRST 2016	home casa	
Sat Nov 05 00:01:45 BRST 2016	home casa	
Sat Nov 05 00:01:45 BRST 2016	home casa	
Sat Nov 05 00:01:45 BRST 2016	home casa	
Sat Nov 05 00:01:45 BRST 2016	home casa	
Sat Nov 05 00:01:45 BRST 2016	home casa	
Sat Nov 05 00:01:45 BRST 2016	home casa	
Sat Nov 05 00:50:47 BRST 2016	First	
